2026-05-23 14:14:22,113 - INFO - [DB] Saved: অপারেশন ফোরেজার লজিস্টিকস (0 words)
2026-05-23 14:14:22,161 - INFO - [API] Article missing: ১৯৭৫ অস্ট্রেলীয় সাংবিধানিক সংকট
2026-05-23 14:14:22,168 - INFO - [DB] Saved: ১৯৭৫ অস্ট্রেলীয় সাংবিধানিক সংকট (0 words)
2026-05-23 14:14:22,191 - INFO - [API] Article missing: হেল (পৌরাণিক সত্তা)
2026-05-23 14:14:22,196 - INFO - [DB] Saved: হেল (পৌরাণিক সত্তা) (0 words)
2026-05-23 14:14:22,202 - INFO - [API] Article missing: অ্যান্টিফ্রিজ
2026-05-23 14:14:22,207 - INFO - [DB] Saved: অ্যান্টিফ্রিজ (0 words)
2026-05-23 14:14:22,880 - INFO - [API] Article missing: অ্যাকোস্টোইলাস্টিক প্রভাব
2026-05-23 14:14:22,886 - INFO - [DB] Saved: অ্যাকোস্টোইলাস্টিক প্রভাব (0 words)
2026-05-23 14:14:22,988 - INFO - [API] Article missing: ক্যাটবুস্ট
2026-05-23 14:14:22,994 - INFO - [DB] Saved: ক্যাটবুস্ট (0 words)
2026-05-23 14:14:23,043 - INFO - [API] Article missing: ফিজি টেরিটরি
2026-05-23 14:14:23,049 - INFO - [DB] Saved: ফিজি টেরিটরি (0 words)
2026-05-23 14:14:23,060 - INFO - [API] Article missing: জেনারেটিভ অ্যাডভার্সারিয়াল নেটওয়ার্ক
2026-05-23 14:14:23,065 - INFO - [DB] Saved: জেনারেটিভ অ্যাডভার্সারিয়াল নেটওয়ার্ক (0 words)
2026-05-23 14:14:23,087 - INFO - [API] Article missing: রোমান সাম্রাজ্যের ভাষা
2026-05-23 14:14:23,096 - INFO - [DB] Saved: রোমান সাম্রাজ্যের ভাষা (0 words)
2026-05-23 14:14:23,771 - INFO - [API] Article missing: ব্রেটন গৃহযুদ্ধ, ১৩৪১-১৩৪৩
2026-05-23 14:14:23,778 - INFO - [DB] Saved: ব্রেটন গৃহযুদ্ধ, ১৩৪১-১৩৪৩ (0 words)
2026-05-23 14:14:23,888 - INFO - [API] Article missing: ক্যাপ্রিকর্ন কোস্ট
2026-05-23 14:14:23,894 - INFO - [DB] Saved: ক্যাপ্রিকর্ন কোস্ট (0 words)
2026-05-23 14:14:23,924 - INFO - [API] Article missing: ক্যানাল দু মিদি
2026-05-23 14:14:23,930 - INFO - [DB] Saved: ক্যানাল দু মিদি (0 words)
2026-05-23 14:14:23,956 - INFO - [API] Article missing: আগুয়াসকালিয়েন্তেস
2026-05-23 14:14:23,961 - INFO - [DB] Saved: আগুয়াসকালিয়েন্তেস (0 words)
2026-05-23 14:14:23,967 - INFO - [API] Article missing: বাশালি চিফডম
2026-05-23 14:14:23,972 - INFO - [DB] Saved: বাশালি চিফডম (0 words)
2026-05-23 14:14:24,657 - INFO - [API] Article missing: কুনইউ ওয়ানগুও কোয়ান্টু
2026-05-23 14:14:24,664 - INFO - [DB] Saved: কুনইউ ওয়ানগুও কোয়ান্টু (0 words)
2026-05-23 14:14:24,783 - INFO - [API] Article missing: পুয়ের্তো রিকোয় ফরাসি অভিবাসন
2026-05-23 14:14:24,788 - INFO - [DB] Saved: পুয়ের্তো রিকোয় ফরাসি অভিবাসন (0 words)
2026-05-23 14:14:24,828 - INFO - [API] Article missing: স্লোন-পার্কার হাউস
2026-05-23 14:14:24,833 - INFO - [DB] Saved: স্লোন-পার্কার হাউস (0 words)
2026-05-23 14:14:24,840 - INFO - [API] Article missing: ভ্যালি ভিউ (রমনি, পশ্চিম ভার্জিনিয়া)
2026-05-23 14:14:24,845 - INFO - [DB] Saved: ভ্যালি ভিউ (রমনি, পশ্চিম ভার্জিনিয়া) (0 words)
2026-05-23 14:14:24,870 - INFO - [API] Article missing: নেভাদো ট্রেস ক্রুসেস
2026-05-23 14:14:24,876 - INFO - [DB] Saved: নেভাদো ট্রেস ক্রুসেস (0 words)
2026-05-23 14:14:25,550 - INFO - [API] Article missing: বার্ন ক্যান্টন
2026-05-23 14:14:25,557 - INFO - [DB] Saved: বার্ন ক্যান্টন (0 words)
2026-05-23 14:14:25,684 - INFO - [API] Article missing: পারিনাকোটা (আগ্নেয়গিরি)
2026-05-23 14:14:25,691 - INFO - [DB] Saved: পারিনাকোটা (আগ্নেয়গিরি) (0 words)
2026-05-23 14:14:25,704 - INFO - [API] Article missing: প্যারাবল অফ দ্য সানফিশ
2026-05-23 14:14:25,710 - INFO - [DB] Saved: প্যারাবল অফ দ্য সানফিশ (0 words)
2026-05-23 14:14:25,724 - INFO - [API] Article missing: বোরগো পুস্তেরলা
2026-05-23 14:14:25,729 - INFO - [DB] Saved: বোরগো পুস্তেরলা (0 words)
2026-05-23 14:14:25,734 - INFO - [API] Article missing: অপারেশন ফোরাজার লজিস্টিকস
2026-05-23 14:14:25,739 - INFO - [DB] Saved: অপারেশন ফোরাজার লজিস্টিকস (0 words)
2026-05-23 14:14:26,419 - INFO - [API] Article missing: রিস আপ গ্রুফিড
2026-05-23 14:14:26,426 - INFO - [DB] Saved: রিস আপ গ্রুফিড (0 words)
2026-05-23 14:14:26,584 - INFO - [API] Article missing: অক্সিলিয়া
2026-05-23 14:14:26,590 - INFO - [DB] Saved: অক্সিলিয়া (0 words)
2026-05-23 14:14:26,595 - INFO - [API] Article missing: গ্যাসীয় সংকেত অণু
2026-05-23 14:14:26,600 - INFO - [DB] Saved: গ্যাসীয় সংকেত অণু (0 words)
2026-05-23 14:14:26,615 - INFO - [API] Article missing: সিওলো (আপুলিয়া)
2026-05-23 14:14:26,620 - INFO - [DB] Saved: সিওলো (আপুলিয়া) (0 words)
2026-05-23 14:14:26,625 - INFO - [API] Article missing: কাজিবা চিফডম
2026-05-23 14:14:26,629 - INFO - [DB] Saved: কাজিবা চিফডম (0 words)
2026-05-23 14:14:27,290 - INFO - [API] Article missing: আলেক্সান্দর নেসমিয়ানভ
2026-05-23 14:14:27,297 - INFO - [DB] Saved: আলেক্সান্দর নেসমিয়ানভ (0 words)
2026-05-23 14:14:27,451 - INFO - [API] Article missing: নৈরাজ্য-সিন্ডিক্যালিজম
2026-05-23 14:14:27,457 - INFO - [DB] Saved: নৈরাজ্য-সিন্ডিক্যালিজম (0 words)
2026-05-23 14:14:27,463 - INFO - [API] Article missing: দেজান (ডেসপোট)
2026-05-23 14:14:27,468 - INFO - [DB] Saved: দেজান (ডেসপোট) (0 words)
2026-05-23 14:14:27,482 - INFO - [API] Article missing: স্ট্যান্ডার্ডের যুদ্ধ
2026-05-23 14:14:27,487 - INFO - [DB] Saved: স্ট্যান্ডার্ডের যুদ্ধ (0 words)
2026-05-23 14:14:27,508 - INFO - [API] Article missing: শাতিয়নের রেনাল্ড
2026-05-23 14:14:27,513 - INFO - [DB] Saved: শাতিয়নের রেনাল্ড (0 words)
2026-05-23 14:14:28,177 - INFO - [API] Article missing: ক্রুসেড আন্দোলন
2026-05-23 14:14:28,184 - INFO - [DB] Saved: ক্রুসেড আন্দোলন (0 words)
2026-05-23 14:14:28,199 - INFO - [Refresh] Done for ekushey26
2026-05-23 14:14:33,207 - INFO - [Monitor] starting for bnwikiloves-children-2025
2026-05-23 14:14:36,462 - INFO - [Refresh] Processing 13 articles for bnwikiloves-children-2025
2026-05-23 14:14:37,447 - INFO - [API] Article missing: নাইটবার্ডস অন ন্যানটাকেট
2026-05-23 14:14:37,454 - INFO - [DB] Saved: নাইটবার্ডস অন ন্যানটাকেট (0 words)
2026-05-23 14:14:37,460 - INFO - [API] Article missing: নেস্তাকচেন'স ফার্স্ট স্কুল ইয়ার
2026-05-23 14:14:37,465 - INFO - [DB] Saved: নেস্তাকচেন'স ফার্স্ট স্কুল ইয়ার (0 words)
2026-05-23 14:14:37,470 - INFO - [API] Article missing: খাতেমেহ
2026-05-23 14:14:37,475 - INFO - [DB] Saved: খাতেমেহ (0 words)
2026-05-23 14:14:37,480 - INFO - [API] Article missing: ক্যাট্রিয়োনা (উপন্যাস)
2026-05-23 14:14:37,485 - INFO - [DB] Saved: ক্যাট্রিয়োনা (উপন্যাস) (0 words)
2026-05-23 14:14:37,490 - INFO - [API] Article missing: ড্যানিশ প্রাক-বিদ্যালয় শিক্ষা
2026-05-23 14:14:37,495 - INFO - [DB] Saved: ড্যানিশ প্রাক-বিদ্যালয় শিক্ষা (0 words)
2026-05-23 14:14:38,313 - INFO - [API] Article missing: দ্য লাইট প্রিন্সেস
2026-05-23 14:14:38,320 - INFO - [DB] Saved: দ্য লাইট প্রিন্সেস (0 words)
2026-05-23 14:14:38,333 - INFO - [API] Article missing: সিক্রেটস অব দ্য ভ্যাটিকান
2026-05-23 14:14:38,338 - INFO - [DB] Saved: সিক্রেটস অব দ্য ভ্যাটিকান (0 words)
2026-05-23 14:14:38,371 - INFO - [API] Article missing: এলোইস (বই)
2026-05-23 14:14:38,376 - INFO - [DB] Saved: এলোইস (বই) (0 words)
2026-05-23 14:14:38,397 - INFO - [API] Article missing: বেবি (ইতালীয় টেলিভিশন ধারাবাহিক)
2026-05-23 14:14:38,403 - INFO - [DB] Saved: বেবি (ইতালীয় টেলিভিশন ধারাবাহিক) (0 words)
2026-05-23 14:14:38,885 - INFO - [API] Article missing: কার্স অব দ্য ব্লু ট্যাটু
2026-05-23 14:14:38,892 - INFO - [DB] Saved: কার্স অব দ্য ব্লু ট্যাটু (0 words)
2026-05-23 14:14:39,213 - INFO - [API] Article missing: ভার্জিনিয়া ডুর মোমেন্ট
2026-05-23 14:14:39,219 - INFO - [DB] Saved: ভার্জিনিয়া ডুর মোমেন্ট (0 words)
2026-05-23 14:14:39,231 - INFO - [API] Article missing: হ্যাপি ভিকটিমাইজিং
2026-05-23 14:14:39,236 - INFO - [DB] Saved: হ্যাপি ভিকটিমাইজিং (0 words)
2026-05-23 14:14:39,266 - INFO - [API] Article missing: হানের সম্রাট ঝি
2026-05-23 14:14:39,271 - INFO - [DB] Saved: হানের সম্রাট ঝি (0 words)
2026-05-23 14:14:39,282 - INFO - [Refresh] Done for bnwikiloves-children-2025
2026-05-23 14:14:44,296 - INFO - [Monitor] Cycle complete.
