2026-05-23 13:06:49,334 - INFO - [DB] Saved: অপারেশন ফোরেজার লজিস্টিকস (0 words)
2026-05-23 13:06:49,355 - INFO - [API] Article missing: ১৯৭৫ অস্ট্রেলীয় সাংবিধানিক সংকট
2026-05-23 13:06:49,362 - INFO - [DB] Saved: ১৯৭৫ অস্ট্রেলীয় সাংবিধানিক সংকট (0 words)
2026-05-23 13:06:49,457 - INFO - [API] Article missing: হেল (পৌরাণিক সত্তা)
2026-05-23 13:06:49,463 - INFO - [DB] Saved: হেল (পৌরাণিক সত্তা) (0 words)
2026-05-23 13:06:49,783 - INFO - [API] Article missing: অ্যান্টিফ্রিজ
2026-05-23 13:06:49,790 - INFO - [DB] Saved: অ্যান্টিফ্রিজ (0 words)
2026-05-23 13:06:50,142 - INFO - [API] Article missing: অ্যাকোস্টোইলাস্টিক প্রভাব
2026-05-23 13:06:50,149 - INFO - [DB] Saved: অ্যাকোস্টোইলাস্টিক প্রভাব (0 words)
2026-05-23 13:06:50,224 - INFO - [API] Article missing: ক্যাটবুস্ট
2026-05-23 13:06:50,230 - INFO - [DB] Saved: ক্যাটবুস্ট (0 words)
2026-05-23 13:06:50,235 - INFO - [API] Article missing: ফিজি টেরিটরি
2026-05-23 13:06:50,241 - INFO - [DB] Saved: ফিজি টেরিটরি (0 words)
2026-05-23 13:06:50,372 - INFO - [API] Article missing: জেনারেটিভ অ্যাডভার্সারিয়াল নেটওয়ার্ক
2026-05-23 13:06:50,378 - INFO - [DB] Saved: জেনারেটিভ অ্যাডভার্সারিয়াল নেটওয়ার্ক (0 words)
2026-05-23 13:06:50,689 - INFO - [API] Article missing: রোমান সাম্রাজ্যের ভাষা
2026-05-23 13:06:50,697 - INFO - [DB] Saved: রোমান সাম্রাজ্যের ভাষা (0 words)
2026-05-23 13:06:51,031 - INFO - [API] Article missing: ব্রেটন গৃহযুদ্ধ, ১৩৪১-১৩৪৩
2026-05-23 13:06:51,037 - INFO - [DB] Saved: ব্রেটন গৃহযুদ্ধ, ১৩৪১-১৩৪৩ (0 words)
2026-05-23 13:06:51,086 - INFO - [API] Article missing: ক্যাপ্রিকর্ন কোস্ট
2026-05-23 13:06:51,092 - INFO - [DB] Saved: ক্যাপ্রিকর্ন কোস্ট (0 words)
2026-05-23 13:06:51,118 - INFO - [API] Article missing: ক্যানাল দু মিদি
2026-05-23 13:06:51,124 - INFO - [DB] Saved: ক্যানাল দু মিদি (0 words)
2026-05-23 13:06:51,260 - INFO - [API] Article missing: আগুয়াসকালিয়েন্তেস
2026-05-23 13:06:51,267 - INFO - [DB] Saved: আগুয়াসকালিয়েন্তেস (0 words)
2026-05-23 13:06:51,591 - INFO - [API] Article missing: বাশালি চিফডম
2026-05-23 13:06:51,597 - INFO - [DB] Saved: বাশালি চিফডম (0 words)
2026-05-23 13:06:51,909 - INFO - [API] Article missing: কুনইউ ওয়ানগুও কোয়ান্টু
2026-05-23 13:06:51,915 - INFO - [DB] Saved: কুনইউ ওয়ানগুও কোয়ান্টু (0 words)
2026-05-23 13:06:51,971 - INFO - [API] Article missing: পুয়ের্তো রিকোয় ফরাসি অভিবাসন
2026-05-23 13:06:51,976 - INFO - [DB] Saved: পুয়ের্তো রিকোয় ফরাসি অভিবাসন (0 words)
2026-05-23 13:06:52,009 - INFO - [API] Article missing: স্লোন-পার্কার হাউস
2026-05-23 13:06:52,017 - INFO - [DB] Saved: স্লোন-পার্কার হাউস (0 words)
2026-05-23 13:06:52,161 - INFO - [API] Article missing: নেভাদো ট্রেস ক্রুসেস
2026-05-23 13:06:52,169 - INFO - [DB] Saved: নেভাদো ট্রেস ক্রুসেস (0 words)
2026-05-23 13:06:52,492 - INFO - [API] Article missing: ভ্যালি ভিউ (রমনি, পশ্চিম ভার্জিনিয়া)
2026-05-23 13:06:52,498 - INFO - [DB] Saved: ভ্যালি ভিউ (রমনি, পশ্চিম ভার্জিনিয়া) (0 words)
2026-05-23 13:06:52,777 - INFO - [API] Article missing: বার্ন ক্যান্টন
2026-05-23 13:06:52,784 - INFO - [DB] Saved: বার্ন ক্যান্টন (0 words)
2026-05-23 13:06:52,836 - INFO - [API] Article missing: পারিনাকোটা (আগ্নেয়গিরি)
2026-05-23 13:06:52,842 - INFO - [DB] Saved: পারিনাকোটা (আগ্নেয়গিরি) (0 words)
2026-05-23 13:06:52,891 - INFO - [API] Article missing: বোরগো পুস্তেরলা
2026-05-23 13:06:52,898 - INFO - [DB] Saved: বোরগো পুস্তেরলা (0 words)
2026-05-23 13:06:53,066 - INFO - [API] Article missing: প্যারাবল অফ দ্য সানফিশ
2026-05-23 13:06:53,073 - INFO - [DB] Saved: প্যারাবল অফ দ্য সানফিশ (0 words)
2026-05-23 13:06:53,367 - INFO - [API] Article missing: অপারেশন ফোরাজার লজিস্টিকস
2026-05-23 13:06:53,374 - INFO - [DB] Saved: অপারেশন ফোরাজার লজিস্টিকস (0 words)
2026-05-23 13:06:53,651 - INFO - [API] Article missing: রিস আপ গ্রুফিড
2026-05-23 13:06:53,657 - INFO - [DB] Saved: রিস আপ গ্রুফিড (0 words)
2026-05-23 13:06:53,703 - INFO - [API] Article missing: অক্সিলিয়া
2026-05-23 13:06:53,709 - INFO - [DB] Saved: অক্সিলিয়া (0 words)
2026-05-23 13:06:53,790 - INFO - [API] Article missing: গ্যাসীয় সংকেত অণু
2026-05-23 13:06:53,797 - INFO - [DB] Saved: গ্যাসীয় সংকেত অণু (0 words)
2026-05-23 13:06:53,942 - INFO - [API] Article missing: কাজিবা চিফডম
2026-05-23 13:06:53,949 - INFO - [DB] Saved: কাজিবা চিফডম (0 words)
2026-05-23 13:06:54,265 - INFO - [API] Article missing: সিওলো (আপুলিয়া)
2026-05-23 13:06:54,271 - INFO - [DB] Saved: সিওলো (আপুলিয়া) (0 words)
2026-05-23 13:06:54,508 - INFO - [API] Article missing: আলেক্সান্দর নেসমিয়ানভ
2026-05-23 13:06:54,516 - INFO - [DB] Saved: আলেক্সান্দর নেসমিয়ানভ (0 words)
2026-05-23 13:06:54,602 - INFO - [API] Article missing: দেজান (ডেসপোট)
2026-05-23 13:06:54,610 - INFO - [DB] Saved: দেজান (ডেসপোট) (0 words)
2026-05-23 13:06:54,667 - INFO - [API] Article missing: নৈরাজ্য-সিন্ডিক্যালিজম
2026-05-23 13:06:54,676 - INFO - [DB] Saved: নৈরাজ্য-সিন্ডিক্যালিজম (0 words)
2026-05-23 13:06:54,860 - INFO - [API] Article missing: স্ট্যান্ডার্ডের যুদ্ধ
2026-05-23 13:06:54,867 - INFO - [DB] Saved: স্ট্যান্ডার্ডের যুদ্ধ (0 words)
2026-05-23 13:06:55,159 - INFO - [API] Article missing: শাতিয়নের রেনাল্ড
2026-05-23 13:06:55,165 - INFO - [DB] Saved: শাতিয়নের রেনাল্ড (0 words)
2026-05-23 13:06:55,435 - INFO - [API] Article missing: ক্রুসেড আন্দোলন
2026-05-23 13:06:55,442 - INFO - [DB] Saved: ক্রুসেড আন্দোলন (0 words)
2026-05-23 13:06:55,468 - INFO - [Refresh] Done for ekushey26
2026-05-23 13:15:56,641 - INFO - [Monitor] Starting cycle for 9 recent editathons (2026+)
2026-05-23 13:15:56,649 - INFO - [Monitor] starting for wlp2026-bn
2026-05-23 13:15:57,800 - INFO - [Refresh] Done for wlp2026-bn
2026-05-23 13:16:02,808 - INFO - [Monitor] starting for wrcbn2026
2026-05-23 13:16:05,785 - INFO - [Refresh] Processing 13 articles for wrcbn2026
2026-05-23 13:16:06,844 - INFO - [API] Article missing: বিশ্বের ইতিহাস/পূর্ব এশিয়ায় পরিবর্তনসমূহ
2026-05-23 13:16:06,851 - INFO - [DB] Saved: বিশ্বের ইতিহাস/পূর্ব এশিয়ায় পরিবর্তনসমূহ (0 words)
2026-05-23 13:16:06,856 - INFO - [API] Article missing: মাগলস গাইড টু হ্যারি পটার/বই/অर्डर অব দ্য ফিনিক্স/অধ্যায় ১
2026-05-23 13:16:06,861 - INFO - [DB] Saved: মাগলস গাইড টু হ্যারি পটার/বই/অर्डर অব দ্য ফিনিক্স/অধ্যায় ১ (0 words)
2026-05-23 13:16:06,875 - INFO - [DB] Saved: মাগলস গাইড টু হ্যারি পটার/চরিত্র/ব্রায়ানা লিঞ্চ (57 words)
2026-05-23 13:16:07,304 - INFO - [DB] Saved: মাগলস গাইড টু হ্যারি পটার/চরিত্র/চ্যারিটি বারবেজ (663 words)
2026-05-23 13:16:07,363 - INFO - [DB] Saved: মাগলস গাইড টু হ্যারি পটার/চরিত্র/ব্রডরিক বোড (400 words)
2026-05-23 13:16:07,688 - INFO - [API] Article missing: ইয়াকালো
2026-05-23 13:16:07,695 - INFO - [DB] Saved: ইয়াকালো (0 words)
2026-05-23 13:16:07,707 - INFO - [API] Article missing: ফ্রেঞ্চ টোস্ট
2026-05-23 13:16:07,713 - INFO - [DB] Saved: ফ্রেঞ্চ টোস্ট (0 words)
2026-05-23 13:16:07,726 - INFO - [API] Article missing: ওয়ারী বলধা গার্ডেন
2026-05-23 13:16:07,732 - INFO - [DB] Saved: ওয়ারী বলধা গার্ডেন (0 words)
2026-05-23 13:16:08,150 - INFO - [API] Article missing: পদ্মা নদীর সৌন্দর্য
2026-05-23 13:16:08,157 - INFO - [DB] Saved: পদ্মা নদীর সৌন্দর্য (0 words)
2026-05-23 13:16:08,231 - INFO - [API] Article missing: রমনা পার্ক
2026-05-23 13:16:08,237 - INFO - [DB] Saved: রমনা পার্ক (0 words)
2026-05-23 13:16:08,535 - INFO - [API] Article missing: রৈখিক বীজগণিত/গাউস-জর্ডান রিডাকশন/সমাধান
2026-05-23 13:16:08,541 - INFO - [DB] Saved: রৈখিক বীজগণিত/গাউস-জর্ডান রিডাকশন/সমাধান (0 words)
2026-05-23 13:16:08,566 - INFO - [API] Article missing: রৈখিক বীজগণিত/গাউস-জর্ডান রিডাকশন
2026-05-23 13:16:08,572 - INFO - [DB] Saved: রৈখিক বীজগণিত/গাউস-জর্ডান রিডাকশন (0 words)
2026-05-23 13:16:08,577 - INFO - [API] Article missing: রৈখিক বীজগণিত/গাউসের পদ্ধতি/সমাধান
2026-05-23 13:16:08,582 - INFO - [DB] Saved: রৈখিক বীজগণিত/গাউসের পদ্ধতি/সমাধান (0 words)
2026-05-23 13:16:08,593 - INFO - [Refresh] Done for wrcbn2026
2026-05-23 13:16:13,601 - INFO - [Monitor] starting for imd-2026-bn
